<?xml version="1.0" encoding="UTF-8"?>
<testng-results ignored="0" total="1" passed="1" failed="0" skipped="0">
  <reporter-output>
  </reporter-output>
  <suite started-at="2024-07-31T13:02:54 IST" name="Default suite" finished-at="2024-07-31T13:03:35 IST" duration-ms="40477">
    <groups>
    </groups>
    <test started-at="2024-07-31T13:02:54 IST" name="Default test" finished-at="2024-07-31T13:03:35 IST" duration-ms="40477">
      <class name="Testpkg.Lumatest">
        <test-method is-config="true" signature="start()[pri:0, instance:Testpkg.Lumatest@7d0b7e3c]" started-at="2024-07-31T13:02:54 IST" name="start" finished-at="2024-07-31T13:03:00 IST" duration-ms="5882" status="PASS">
          <reporter-output>
          </reporter-output>
        </test-method> <!-- start -->
        <test-method signature="mainfn()[pri:0, instance:Testpkg.Lumatest@7d0b7e3c]" started-at="2024-07-31T13:03:00 IST" name="mainfn" finished-at="2024-07-31T13:03:35 IST" duration-ms="34465" status="PASS">
          <reporter-output>
          </reporter-output>
        </test-method> <!-- mainfn -->
      </class> <!-- Testpkg.Lumatest -->
    </test> <!-- Default test -->
  </suite> <!-- Default suite -->
</testng-results>
